  [4;36;1mSQL (162.2ms)[0m   [0;1m SELECT name
 FROM sqlite_master
 WHERE type = 'table' AND NOT name = 'sqlite_sequence'
[0m
  [4;35;1mSQL (0.1ms)[0m   [0mselect sqlite_version(*)[0m
  [4;36;1mSQL (282.4ms)[0m   [0;1mCREATE TABLE "schema_migrations" ("version" varchar(255) NOT NULL) [0m
  [4;35;1mSQL (328.1ms)[0m   [0mCREATE UNIQUE INDEX "unique_schema_migrations" ON "schema_migrations" ("version")[0m
  [4;36;1mSQL (120.5ms)[0m   [0;1m SELECT name
 FROM sqlite_master
 WHERE type = 'table' AND NOT name = 'sqlite_sequence'
[0m
  [4;35;1mSQL (121.6ms)[0m   [0mSELECT version FROM schema_migrations[0m
Migrating to CreateContacts (20091027192857)
  [4;36;1mSQL (200.9ms)[0m   [0;1mCREATE TABLE "contacts" ("id" INTEGER PRIMARY KEY AUTOINCREMENT NOT NULL, "first_name" varchar(255), "last_name" varchar(255), "email" varchar(255), "homepage" varchar(255), "phone" varchar(255), "city" varchar(255), "street" varchar(255), "post_code" varchar(255), "created_at" datetime, "updated_at" datetime) [0m
  [4;35;1mSQL (0.1ms)[0m   [0mINSERT INTO schema_migrations (version) VALUES ('20091027192857')[0m
  [4;36;1mSQL (43.1ms)[0m   [0;1m SELECT name
 FROM sqlite_master
 WHERE type = 'table' AND NOT name = 'sqlite_sequence'
[0m
  [4;35;1mSQL (36.3ms)[0m   [0mSELECT version FROM schema_migrations[0m
  [4;36;1mSQL (120.3ms)[0m   [0;1m SELECT name
 FROM sqlite_master
 WHERE type = 'table' AND NOT name = 'sqlite_sequence'
[0m
  [4;35;1mSQL (0.0ms)[0m   [0mPRAGMA index_list("contacts")[0m


Processing ContactsController#index (for 127.0.0.1 at 2009-10-27 20:34:45) [GET]
  [4;36;1mContact Load (202.7ms)[0m   [0;1mSELECT * FROM "contacts" [0m
Rendering template within layouts/contacts
Rendering contacts/index
Completed in 375ms (View: 128, DB: 203) | 200 OK [http://localhost/contacts]


Processing ContactsController#new (for 127.0.0.1 at 2009-10-27 20:34:53) [GET]
Rendering template within layouts/contacts
Rendering contacts/new
Completed in 180ms (View: 51, DB: 0) | 200 OK [http://localhost/contacts/new]


Processing ContactsController#create (for 127.0.0.1 at 2009-10-27 20:36:43) [POST]
  Parameters: {"commit"=>"Create", "authenticity_token"=>"m9+cP2apXAxzINQAJ4bWmo84EhJ/Lqck1dOTNJkbmjk=", "contact"=>{"city"=>"Gdansk", "post_code"=>"80-461", "street"=>"Startowa", "phone"=>"785459311", "homepage"=>"sigma.inf.ug.edu.pl", "last_name"=>"Rozek", "email"=>"elboroo@gmail.com", "first_name"=>"Boguslaw"}}
  [4;35;1mContact Create (44.0ms)[0m   [0mINSERT INTO "contacts" ("city", "created_at", "post_code", "updated_at", "street", "last_name", "homepage", "phone", "first_name", "email") VALUES('Gdansk', '2009-10-27 19:36:43', '80-461', '2009-10-27 19:36:43', 'Startowa', 'Rozek', 'sigma.inf.ug.edu.pl', '785459311', 'Boguslaw', 'elboroo@gmail.com')[0m
Redirected to http://localhost:3000/contacts/1
Completed in 334ms (DB: 44) | 302 Found [http://localhost/contacts]


Processing ContactsController#show (for 127.0.0.1 at 2009-10-27 20:36:43) [GET]
  Parameters: {"id"=>"1"}
  [4;36;1mContact Load (79.5ms)[0m   [0;1mSELECT * FROM "contacts" WHERE ("contacts"."id" = 1) [0m
Rendering template within layouts/contacts
Rendering contacts/show
Completed in 293ms (View: 9, DB: 80) | 200 OK [http://localhost/contacts/1]


Processing ContactsController#index (for 127.0.0.1 at 2009-10-27 20:36:48) [GET]
  [4;35;1mContact Load (127.9ms)[0m   [0mSELECT * FROM "contacts" [0m
Rendering template within layouts/contacts
Rendering contacts/index
Completed in 141ms (View: 8, DB: 128) | 200 OK [http://localhost/contacts]


Processing ContactsController#edit (for 127.0.0.1 at 2009-10-27 20:36:55) [GET]
  Parameters: {"id"=>"1"}
  [4;36;1mContact Load (79.6ms)[0m   [0;1mSELECT * FROM "contacts" WHERE ("contacts"."id" = 1) [0m
Rendering template within layouts/contacts
Rendering contacts/edit
Completed in 220ms (View: 13, DB: 80) | 200 OK [http://localhost/contacts/1/edit]


Processing ContactsController#index (for 127.0.0.1 at 2009-10-27 20:37:00) [GET]
  [4;35;1mContact Load (202.1ms)[0m   [0mSELECT * FROM "contacts" [0m
Rendering template within layouts/contacts
Rendering contacts/index
Completed in 214ms (View: 7, DB: 202) | 200 OK [http://localhost/contacts]
